execve("./a.out", ["./a.out"], [/* 44 vars */]) = 0
brk(0)                                  = 0x8bfa000
access("/etc/ld.so.nohwcap", F_OK)      = -1 ENOENT (No such file or directory)
mmap2(NULL, 8192, PROT_READ|PROT_WRITE, MAP_PRIVATE|MAP_ANONYMOUS, -1, 0) = 0xb77db000
access("/etc/ld.so.preload", R_OK)      = -1 ENOENT (No such file or directory)
open("/etc/ld.so.cache", O_RDONLY)      = 3
fstat64(3, {st_mode=S_IFREG|0644, st_size=86421, ...}) = 0
mmap2(NULL, 86421, PROT_READ, MAP_PRIVATE, 3, 0) = 0xb77c5000
close(3)                                = 0
access("/etc/ld.so.nohwcap", F_OK)      = -1 ENOENT (No such file or directory)
open("/lib/libc.so.6", O_RDONLY)        = 3
read(3, "\177ELF\1\1\1\0\0\0\0\0\0\0\0\0\3\0\3\0\1\0\0\0@n\1\0004\0\0\0"..., 512) = 512
fstat64(3, {st_mode=S_IFREG|0755, st_size=1421892, ...}) = 0
mmap2(NULL, 1431976, PROT_READ|PROT_EXEC, MAP_PRIVATE|MAP_DENYWRITE, 3, 0) = 0xa61000
mprotect(0xbb8000, 4096, PROT_NONE)     = 0
mmap2(0xbb9000, 12288, PROT_READ|PROT_WRITE, MAP_PRIVATE|MAP_FIXED|MAP_DENYWRITE, 3, 0x157) = 0xbb9000
mmap2(0xbbc000, 10664, PROT_READ|PROT_WRITE, MAP_PRIVATE|MAP_FIXED|MAP_ANONYMOUS, -1, 0) = 0xbbc000
close(3)                                = 0
mmap2(NULL, 4096, PROT_READ|PROT_WRITE, MAP_PRIVATE|MAP_ANONYMOUS, -1, 0) = 0xb77c4000
set_thread_area({entry_number:-1 -> 6, base_addr:0xb77c46c0, limit:1048575, seg_32bit:1, contents:0, read_exec_only:0, limit_in_pages:1, seg_not_present:0, useable:1}) = 0
mprotect(0xbb9000, 8192, PROT_READ)     = 0
mprotect(0x8049000, 4096, PROT_READ)    = 0
mprotect(0x87b000, 4096, PROT_READ)     = 0
munmap(0xb77c5000, 86421)               = 0
open("/dev/null", O_RDWR)               = 3
fstat64(1, {st_mode=S_IFCHR|0600, st_rdev=makedev(136, 1), ...}) = 0
mmap2(NULL, 4096, PROT_READ|PROT_WRITE, MAP_PRIVATE|MAP_ANONYMOUS, -1, 0) = 0xb77da000
write(1, "mother:\t fd = 3\n", 16)      = 16
write(1, "mother:\t vm = 10\n", 17)     = 17
brk(0)                                  = 0x8bfa000
brk(0x8c1f000)                          = 0x8c1f000
clone(child_stack=0x8bfe004, flags=CLONE_VM|CLONE_FS|CLONE_FILES|CLONE_SIGHAND|SIGCHLD) = 2221
rt_sigprocmask(SIG_BLOCK, [CHLD], [], 8) = 0
rt_sigaction(SIGCHLD, NULL, {SIG_DFL, [], 0}, 8) = 0
rt_sigprocmask(SIG_SETMASK, [], NULL, 8) = 0
--- SIGCHLD (Child exited) @ 0 (0) ---
nanosleep({1, 0}, 0xbfa6d454)           = 0
write(1, "mother:\t vm = 5\n", 16)      = 16
write(3, "c", 1)                        = -1 EBADF (Bad file descriptor)
write(1, "mother:\t child closed our file d"..., 42) = 42
exit_group(42)                          = ?
