execve("./a.out", ["./a.out"], [/* 44 vars */]) = 0
brk(0)                                  = 0x855f000
access("/etc/ld.so.nohwcap", F_OK)      = -1 ENOENT (No such file or directory)
mmap2(NULL, 8192, PROT_READ|PROT_WRITE, MAP_PRIVATE|MAP_ANONYMOUS, -1, 0) = 0xb7883000
access("/etc/ld.so.preload", R_OK)      = -1 ENOENT (No such file or directory)
open("/etc/ld.so.cache", O_RDONLY)      = 3
fstat64(3, {st_mode=S_IFREG|0644, st_size=86421, ...}) = 0
mmap2(NULL, 86421, PROT_READ, MAP_PRIVATE, 3, 0) = 0xb786d000
close(3)                                = 0
access("/etc/ld.so.nohwcap", F_OK)      = -1 ENOENT (No such file or directory)
open("/lib/libc.so.6", O_RDONLY)        = 3
read(3, "\177ELF\1\1\1\0\0\0\0\0\0\0\0\0\3\0\3\0\1\0\0\0@n\1\0004\0\0\0"..., 512) = 512
fstat64(3, {st_mode=S_IFREG|0755, st_size=1421892, ...}) = 0
mmap2(NULL, 1431976, PROT_READ|PROT_EXEC, MAP_PRIVATE|MAP_DENYWRITE, 3, 0) = 0x61a000
mprotect(0x771000, 4096, PROT_NONE)     = 0
mmap2(0x772000, 12288, PROT_READ|PROT_WRITE, MAP_PRIVATE|MAP_FIXED|MAP_DENYWRITE, 3, 0x157) = 0x772000
mmap2(0x775000, 10664, PROT_READ|PROT_WRITE, MAP_PRIVATE|MAP_FIXED|MAP_ANONYMOUS, -1, 0) = 0x775000
close(3)                                = 0
mmap2(NULL, 4096, PROT_READ|PROT_WRITE, MAP_PRIVATE|MAP_ANONYMOUS, -1, 0) = 0xb786c000
set_thread_area({entry_number:-1 -> 6, base_addr:0xb786c6c0, limit:1048575, seg_32bit:1, contents:0, read_exec_only:0, limit_in_pages:1, seg_not_present:0, useable:1}) = 0
mprotect(0x772000, 8192, PROT_READ)     = 0
mprotect(0x8049000, 4096, PROT_READ)    = 0
mprotect(0x981000, 4096, PROT_READ)     = 0
munmap(0xb786d000, 86421)               = 0
clone(child_stack=0, flags=CLONE_CHILD_CLEARTID|CLONE_CHILD_SETTID|SIGCHLD, child_tidptr=0xb786c728) = 2338
fstat64(1, {st_mode=S_IFCHR|0600, st_rdev=makedev(136, 1), ...}) = 0
mmap2(NULL, 4096, PROT_READ|PROT_WRITE, MAP_PRIVATE|MAP_ANONYMOUS, -1, 0) = 0xb7882000
write(1, "PARENT: I am the parent process!"..., 33) = 33
getpid()                                = 2337
write(1, "PARENT: Here's my PID: 2337\n", 28) = 28
write(1, "PARENT: The value of my copy of "..., 49) = 49
write(1, "PARENT: I will now wait for my c"..., 46) = 46
wait4(-1, [{WIFEXITED(s) && WEXITSTATUS(s) == 2}], 0, NULL) = 2338
--- SIGCHLD (Child exited) @ 0 (0) ---
write(1, "PARENT: Child's exit code is: 2\n", 32) = 32
write(1, "PARENT: Goodbye!\n", 17)      = 17
exit_group(0)                           = ?
