execve("./a.out", ["./a.out"], [/* 44 vars */]) = 0
brk(0)                                  = 0x911c000
access("/etc/ld.so.nohwcap", F_OK)      = -1 ENOENT (No such file or directory)
mmap2(NULL, 8192, PROT_READ|PROT_WRITE, MAP_PRIVATE|MAP_ANONYMOUS, -1, 0) = 0xb7859000
access("/etc/ld.so.preload", R_OK)      = -1 ENOENT (No such file or directory)
open("/etc/ld.so.cache", O_RDONLY)      = 3
fstat64(3, {st_mode=S_IFREG|0644, st_size=86421, ...}) = 0
mmap2(NULL, 86421, PROT_READ, MAP_PRIVATE, 3, 0) = 0xb7843000
close(3)                                = 0
access("/etc/ld.so.nohwcap", F_OK)      = -1 ENOENT (No such file or directory)
open("/lib/libc.so.6", O_RDONLY)        = 3
read(3, "\177ELF\1\1\1\0\0\0\0\0\0\0\0\0\3\0\3\0\1\0\0\0@n\1\0004\0\0\0"..., 512) = 512
fstat64(3, {st_mode=S_IFREG|0755, st_size=1421892, ...}) = 0
mmap2(NULL, 1431976, PROT_READ|PROT_EXEC, MAP_PRIVATE|MAP_DENYWRITE, 3, 0) = 0x110000
mprotect(0x267000, 4096, PROT_NONE)     = 0
mmap2(0x268000, 12288, PROT_READ|PROT_WRITE, MAP_PRIVATE|MAP_FIXED|MAP_DENYWRITE, 3, 0x157) = 0x268000
mmap2(0x26b000, 10664, PROT_READ|PROT_WRITE, MAP_PRIVATE|MAP_FIXED|MAP_ANONYMOUS, -1, 0) = 0x26b000
close(3)                                = 0
mmap2(NULL, 4096, PROT_READ|PROT_WRITE, MAP_PRIVATE|MAP_ANONYMOUS, -1, 0) = 0xb7842000
set_thread_area({entry_number:-1 -> 6, base_addr:0xb78426c0, limit:1048575, seg_32bit:1, contents:0, read_exec_only:0, limit_in_pages:1, seg_not_present:0, useable:1}) = 0
mprotect(0x268000, 8192, PROT_READ)     = 0
mprotect(0x8049000, 4096, PROT_READ)    = 0
mprotect(0xd3c000, 4096, PROT_READ)     = 0
munmap(0xb7843000, 86421)               = 0
clone(child_stack=0, flags=CLONE_CHILD_CLEARTID|CLONE_CHILD_SETTID|SIGCHLD, child_tidptr=0xb7842728) = 2526
fstat64(1, {st_mode=S_IFCHR|0600, st_rdev=makedev(136, 1), ...}) = 0
mmap2(NULL, 4096, PROT_READ|PROT_WRITE, MAP_PRIVATE|MAP_ANONYMOUS, -1, 0) = 0xb7858000
write(1, "\n", 1)                       = 1
write(1, "PARENT: sending SIGHUP\n", 23) = 23
write(1, "\n", 1)                       = 1
kill(2526, SIGHUP)                      = 0
rt_sigprocmask(SIG_BLOCK, [CHLD], [], 8) = 0
rt_sigaction(SIGCHLD, NULL, {SIG_DFL, [], 0}, 8) = 0
rt_sigprocmask(SIG_SETMASK, [], NULL, 8) = 0
nanosleep({3, 0}, 0xbfc18354)           = 0
write(1, "\nPARENT: sending SIGINT\n", 24) = 24
write(1, "\n", 1)                       = 1
kill(2526, SIGINT)                      = 0
rt_sigprocmask(SIG_BLOCK, [CHLD], [], 8) = 0
rt_sigaction(SIGCHLD, NULL, {SIG_DFL, [], 0}, 8) = 0
rt_sigprocmask(SIG_SETMASK, [], NULL, 8) = 0
nanosleep({3, 0}, 0xbfc18354)           = 0
write(1, "\nPARENT: sending SIGQUIT\n", 25) = 25
write(1, "\n", 1)                       = 1
kill(2526, SIGQUIT)                     = 0
rt_sigprocmask(SIG_BLOCK, [CHLD], [], 8) = 0
rt_sigaction(SIGCHLD, NULL, {SIG_DFL, [], 0}, 8) = 0
rt_sigprocmask(SIG_SETMASK, [], NULL, 8) = 0
--- SIGCHLD (Child exited) @ 0 (0) ---
nanosleep({3, 0}, 0xbfc18354)           = 0
exit_group(0)                           = ?
